MPASM 5.77                          MAIN.ASM   1-8-2024  10:55:12         PAGE  1


LOC  OBJECT CODE     LINE SOURCE TEXT
  VALUE

                      00001      list      p=10f322            ; list directive to define processor
                      00002      #include <p10f322.inc>        ; processor specific variable definitions
                      00001         LIST
                      00002 
                      00003 ;==========================================================================
                      00004 ; Build date : Nov 22 2017
                      00005 ;  MPASM PIC10F322 processor include
                      00006 ; 
                      00007 ;  (c) Copyright 1999-2017 Microchip Technology, All rights reserved
                      00008 ;==========================================================================
                      00009 
                      00705         LIST
2007   3C9C           00003      __CONFIG _WRT_OFF & _BORV_LO & _LPBOR_OFF & _LVP_OFF & _MCLRE_OFF & _CP_OFF & _PWRTE_ON & _WDTE_ON 
                            & _BOREN_NSLEEP & _FOSC_INTOSC
                      00004      ;__CONFIG  .6492
                      00005 ; '__CONFIG' directive is used to embed configuration word within .asm file.
                      00006 ; The lables following the directive are located in the respective .inc file.
                      00007 ; See data sheet for additional information on configuration word settings.
                      00008 
                      00009 ;***** VARIABLE DEFINITIONS
  00000040            00010 w_temp          EQU     0x40        ; variable used for context saving 
  00000041            00011 status_temp     EQU     0x41        ; variable used for context saving
  00000042            00012 TEMP            EQU     0X42
  00000043            00013 TEMP2           EQU     0X43
  00000044            00014 TEMP3           EQU     0X44
  00000045            00015 KEY             EQU     0X45
  00000046            00016 INT_STATUS      EQU     0X46
  00000047            00017 CNT_NUM         EQU     0X47
  00000048            00018 RE_NUM1         EQU     0X48
  00000049            00019 RE_NUM2         EQU     0X49
  00000050            00020 loop_counter    EQU     0X50
  00000051            00021 loop_counter2   EQU     0X51
                      00022 ;**********************************************************************
                      00023 START     ORG     0x000             ; processor reset vector
0000   2???           00024           GOTO    MAIN             ; go to beginning of program
                      00025 
                      00026 ISR       ORG     0x004             ; interrupt vector location
                      00027      
                      00028 ;         Context saving for ISR
                      00029           ;MOVWF   w_temp            ; save off current W register contents
                      00030           ;MOVF    STATUS,w          ; move status register into W register
                      00031           ;MOVWF   status_temp       ; save off contents of STATUS register
                      00032          ;INSERT INTERRUPT CODE HERE
                      00033                 ;BTFSC  INTCON,TMR0IF
                      00034                 ;GOTO   TMR0_ISR
0004   2???           00035                 CALL        DELAY_40US
0005   1985           00036                 BTFSC       PORTA,RA3 ; External interrupt if high Goto WORK_CY2_1
0006   2???           00037                 GOTO        WORK_CY2_1
                      00038 ;;         -----SAMPLE CODE----- if the interrupt came from the timer, execute the
                      00039 ;;         TMR0 interrupt service routine. 
                      00040 ;          BTFSC   INTCON, T0IF ; Uncomment this line to test sample code 
                      00041 ;          CALL    TMR0_ISR     ; Uncomment this line to test sample code     
                      00042 
MPASM 5.77                          MAIN.ASM   1-8-2024  10:55:12         PAGE  2


LOC  OBJECT CODE     LINE SOURCE TEXT
  VALUE

                      00043 ;         Restore context before returning from interrupt
                      00044                 
                      00045           ;MOVF    status_temp,w   ; retrieve copy of STATUS register
                      00046           ;MOVWF   STATUS          ; restore pre-isr STATUS register contents
                      00047           ;SWAPF   w_temp,f
                      00048           ;SWAPF   w_temp,w        ; restore pre-isr W register contents
0007   0009           00049           RETFIE                  ; return from interrupt
                      00050 ;**************************************************************
0008                  00051 TMR0_ISR
0008   30FB           00052                   MOVLW 0XFB
Message[305]: Using default destination of 1 (file).
0009   058B           00053                   ANDWF INTCON
000A   0BC7           00054                   DECFSZ CNT_NUM,1
000B   2???           00055                   GOTO TMR0_ISR_RT
000C   30FF           00056                   MOVLW 0XFF
000D   00C7           00057                   MOVWF CNT_NUM
000E   3003           00058                   MOVLW 0X03
000F   0645           00059                   XORWF KEY,W
0010   1903           00060                   BTFSC STATUS,Z;KEY is not equal to 3 skip the next step
0011   2???           00061                   GOTO  TMRO_ISR_3      
0012   3002           00062                   MOVLW 0X02
0013   0645           00063                   XORWF KEY,W
0014   1903           00064                   BTFSC STATUS,Z;KEY is not equal to 2 skip the next step
0015   2???           00065                   GOTO  TMRO_ISR_2  
0016   3001           00066                   MOVLW 0X01
0017   0645           00067                   XORWF KEY,W
0018   1903           00068                   BTFSC STATUS,Z;KEY is not equal to 1 skip the next step
0019   2???           00069                   GOTO  TMRO_ISR_1
001A                  00070 TMR0_ISR_RT
Message[305]: Using default destination of 1 (file).
001A   03C5           00071                   DECF  KEY
001B   0E41           00072                   SWAPF status_temp,W ;Swap STATUS_TEMP register into W
                      00073                   ;(sets bank to original state)
001C   0083           00074                   MOVWF STATUS ;Move W into STATUS register
001D   0EC0           00075                   SWAPF w_temp,F ;Swap W_TEMP
001E   0E40           00076                   SWAPF w_temp,W ;Swap W_TEMP into W
001F   0009           00077                   RETFIE
                      00078 ;RA2=1
0020                  00079 TMRO_ISR_3
0020   3004           00080                   MOVLW (1<<RA2)
0021   0087           00081                   MOVWF LATA
0022   2???           00082                   GOTO TMR0_ISR_RT      
                      00083 ;RA0=1
0023                  00084 TMRO_ISR_2
0023   3001           00085                   MOVLW (1<<RA0)
0024   0087           00086                   MOVWF LATA
0025   2???           00087                   GOTO TMR0_ISR_RT      
                      00088 ;RA1=1
0026                  00089 TMRO_ISR_1
0026   3002           00090                   MOVLW (1<<RA1)
0027   0087           00091                   MOVWF LATA
0028   2???           00092                   GOTO TMR0_ISR_RT              
                      00093 ;**********************************************************************
MPASM 5.77                          MAIN.ASM   1-8-2024  10:55:12         PAGE  3


LOC  OBJECT CODE     LINE SOURCE TEXT
  VALUE

0029                  00094 MAIN
0029   3030           00095                 MOVLW           (1<<IRCF1)|(1<<IRCF0)                                                   
                             
002A   0090           00096                 MOVWF           OSCCON      ;set to internal frequency 1M 
                      00097                 ;RAM cleared
002B   3040           00098                 MOVLW           0X40        ; initialize pointer
002C   0084           00099                 MOVWF           FSR         ; to RAM
                      00100 
                      00101 
002D                  00102 NEXT  
002D   0180           00103                 CLRF            INDF        ; clear INDF register
002E   0A84           00104                 INCF            FSR, F      ; inc pointer
002F   1F84           00105                 BTFSS           FSR,7       ; all done?
0030   2???           00106                 GOTO            NEXT        ; no clear next
                      00107 
Message[312]: Page or Bank selection not needed for this device.  No code generated.
                      00108                 BANKSEL         PORTA
0031   0103           00109                 CLRW
0032   0085           00110                 MOVWF           PORTA
Warning[202]: Argument out of range.  Least significant bits used.
0033   0800           00111                 MOVF            W,OPTION_REG
0034   39DF           00112                 ANDLW           0XDF
0035   008E           00113                 MOVWF           OPTION_REG
0036   170E           00114                 bsf             OPTION_REG, INTEDG
0037   0103           00115                 CLRW            
0038   0089           00116                 MOVWF           WPUA    ; close pull up                                                 
                                    
Message[312]: Page or Bank selection not needed for this device.  No code generated.
                      00117                 BANKSEL         TRISA   ;IO port set output mode
0039   3008           00118                 MOVLW           (1<<RA3)
003A   0086           00119                 MOVWF           TRISA                                                                   
003B   300F           00120                 MOVLW           (1<<WDTPS2)|(1<<WDTPS1)|(1<<WDTPS0)|(1<<SWDTEN)
003C   00B0           00121                 MOVWF           WDTCON          ;Set watchdog frequency division, open watchdog         
                                                            
Message[312]: Page or Bank selection not needed for this device.  No code generated.
                      00122                 BANKSEL         PORTA
                      00123                 ;Interrupt Enable
003D   30D0           00124                 MOVLW           (1<<GIE)|(1<<PEIE)|(1<<INTE);|(;|(1<<TMR0IE)
003E   008B           00125                 MOVWF           INTCON
003F   30FF           00126                 MOVLW           0XFF
0040   00C7           00127                 MOVWF           CNT_NUM
0041                  00128 RESTART
0041   0103           00129                 CLRW
0042   0087           00130                 MOVWF       LATA
0043   2???           00131                 CALL        DELAY_150MS
0044   2???           00132                 CALL        DELAY_150MS
0045   2???           00133                 CALL        DELAY_150MS
0046   2???           00134                 CALL        DELAY_150MS
0047   1D85           00135                 BTFSS       PORTA,RA3   ;Check if the KEY is pressed or RA3 is high, press to skip the n
                            ext step, BTFSS-Bit Test f, Skip if Set/High
0048   2???           00136                 GOTO        WORK_ERROR_CONDITION_LOOP ; If RA3 is 0 jump to WORK_CY2
                      00137 
0049                  00138 WORK_CY1
MPASM 5.77                          MAIN.ASM   1-8-2024  10:55:12         PAGE  4


LOC  OBJECT CODE     LINE SOURCE TEXT
  VALUE

                      00139                 
0049   3004           00140                 MOVLW           (1<<RA2) 
004A   0087           00141                 MOVWF            LATA
004B   2???           00142                 CALL            DELAY_150MS
004C   2???           00143                 CALL            DELAY_150MS
004D   3001           00144                 MOVLW           (1<<RA0)
004E   0087           00145                 MOVWF           LATA
004F   2???           00146                 CALL            DELAY_150MS
0050   2???           00147                 CALL            DELAY_150MS
0051   3002           00148                 MOVLW           (1<<RA1)
0052   0087           00149                 MOVWF           LATA
0053   2???           00150                 CALL            DELAY_150MS
0054   2???           00151                 CALL            DELAY_150MS
0055   2???           00152                 GOTO            WORK_CY1
                      00153 
0056                  00154 WORK_CY2_1
Warning[202]: Argument out of range.  Least significant bits used.
0056   304C           00155                   MOVLW  0X1D4C ; 7500 times loop, Reason is it has to  wait for 300ms 2 cycle in each l
                            oop 40uS is lost
0057   00D1           00156                   MOVWF  loop_counter2  
Warning[207]: Found label after column 1. (WORK_CY2_1_1)
0058                  00157         WORK_CY2_1_1    
Message[305]: Using default destination of 1 (file).
0058   0FC9           00158                 INCFSZ          RE_NUM2 ;RE_NUM2=0 skip next sentence
Message[305]: Using default destination of 1 (file).
0059   0BD1           00159                 DECFSZ          loop_counter2
005A   2???           00160                 GOTO            FF1
005B   2???           00161                 GOTO            WORK_ERROR_CONDITION  ; This has been changed from WORK_CY1 to WORK_ERRO
                            R_CONDITION 
Message[305]: Using default destination of 1 (file).
005C   0FC8           00162                 INCFSZ          RE_NUM1 ;RE_NUM1=0 skip next sentence
005D   2???           00163                 GOTO            FF1
                      00164                 
005E                  00165 FF1             
005E   2???           00166                 CALL            DELAY_40US
005F   1D85           00167                 BTFSS           PORTA,RA3   ;Check if RA3 is high, if low go to WORK_CY2_1 
0060   2???           00168                 GOTO            WORK_CY2_1_1  ;chnaged from  WORK_CY2_1
0061   2???           00169                 CALL            DELAY_40US
0062   1D85           00170                 BTFSS           PORTA,RA3   ;Check if the KEY is pressed or RA3 is high, if low go back 
                            to WORK_CY2_1 else next line WORK_CY2_2
0063   2???           00171                 GOTO            WORK_CY2_1_1  ;anti-shake
0064                  00172 WORK_CY2_2
0064   2???           00173                 CALL            DELAY_40US
0065   1985           00174                 BTFSC           PORTA,RA3   ;Check if RA3 is high, if low go to WORK_CY2_2 again, BTFSC-
                             Bit Test f, Skip if Clear or Low 
0066   2???           00175                 GOTO            WORK_CY2_2 
0067   2???           00176                 CALL            DELAY_40US
0068   1985           00177                 BTFSC           PORTA,RA3   ;Check if the KEY is pressed or RA3 is high, press to skip t
                            he next step BTFSC- Bit Test f, Skip if Clear or Low 
0069   2???           00178                 GOTO            WORK_CY2_2  ;
006A   3004           00179                 MOVLW           (1<<RA2)
006B   0087           00180                 MOVWF            LATA
006C   2???           00181                 CALL            DELAY_150MS
MPASM 5.77                          MAIN.ASM   1-8-2024  10:55:12         PAGE  5


LOC  OBJECT CODE     LINE SOURCE TEXT
  VALUE

006D   2???           00182                 CALL            DELAY_150MS
006E   3001           00183                 MOVLW           (1<<RA0)
006F   0087           00184                 MOVWF           LATA
0070   2???           00185                 CALL            DELAY_150MS
0071   2???           00186                 CALL            DELAY_150MS
0072   3002           00187                 MOVLW           (1<<RA1)
0073   0087           00188                 MOVWF            LATA   
0074   2???           00189                 GOTO            WORK_CY2_1
                      00190 
                      00191         
0075                  00192 WORK_ERROR_CONDITION_LOOP
                      00193                 
0075   3050           00194                 MOVLW           .80     ; Assuming 72 is max number of strip.
0076   00D0           00195                 MOVWF           loop_counter
Warning[207]: Found label after column 1. (Strip_loop)
0077                  00196     Strip_loop  
                      00197                                             ; 1 NOP added coz there is already 2 instruction added befor
                            e this line
                      00198                 ;NOP
0077   3004           00199                 MOVLW           (1<<RA2) 
0078   0087           00200                 MOVWF            LATA
0079   2???           00201                 CALL            DELAY_150MS
007A   2???           00202                 CALL            DELAY_150MS
007B   3001           00203                 MOVLW           (1<<RA0) 
007C   0087           00204                 MOVWF            LATA
007D   2???           00205                 CALL            DELAY_150MS
007E   2???           00206                 CALL            DELAY_150MS
007F   0000           00207                 NOP
0080   2???           00208                 CALL            DELAY_150MS
0081   1985           00209                 BTFSC           PORTA,RA3; Check again if RA3 is high BTFSC Skip next instruction if Low
                             or clear
0082   2???           00210                 GOTO            WORK_CY2_1
0083   2???           00211                 CALL            DELAY_150MS
0084   0BD0           00212                 DECFSZ          loop_counter, 1 ; This insturction equivqlent timing is added to WORK_CY
                            1
0085   2???           00213                 GOTO            Strip_loop
                      00214                         
0086                  00215 WORK_ERROR_CONDITION ; After waiting for Max time Start Normal
                      00216                 
0086   3004           00217                 MOVLW           (1<<RA2) 
0087   0087           00218                 MOVWF            LATA
0088   2???           00219                 CALL            DELAY_150MS
0089   2???           00220                 CALL            DELAY_150MS
008A   3001           00221                 MOVLW           (1<<RA0)
008B   0087           00222                 MOVWF           LATA
008C   2???           00223                 CALL            DELAY_150MS
008D   2???           00224                 CALL            DELAY_150MS
008E   3002           00225                 MOVLW           (1<<RA1)
008F   0087           00226                 MOVWF           LATA
0090   2???           00227                 CALL            DELAY_150MS
0091   1985           00228                 BTFSC           PORTA,RA3; Check again if RA3 is high BTFSC Skip next instruction if Low
                             or clear
0092   2???           00229                 GOTO            WORK_CY2_1
MPASM 5.77                          MAIN.ASM   1-8-2024  10:55:12         PAGE  6


LOC  OBJECT CODE     LINE SOURCE TEXT
  VALUE

0093   2???           00230                 CALL            DELAY_150MS
0094   2???           00231                 GOTO            WORK_ERROR_CONDITION            
                      00232 
                      00233                 
0095                  00234 DELAY_40US                        ; Oscillator 1M, 10 instruction cycles Instruction Cycle Time (Tcy) = 
                            4 / Fosc(FOSC is oscilator frequency
0095   0064           00235           CLRWDT                ; 1 cycles
0096   0000           00236           NOP                   ; 1 cycles
0097   0000           00237           NOP                   ; 1 cycles
0098   0000           00238           NOP                   ; 1 cycles
0099   0000           00239           NOP                   ; 1 cycles
009A   0000           00240           NOP                   ; 1 cycles
009B   0000           00241           NOP                   ; 1 cycles
009C   0008           00242           RETURN                ; 2 cycle
                      00243 
009D                  00244 DELAY_150MS; this will be 165ms
009D   304B           00245           MOVLW  0X4B   ; 75 times loop
009E   00C4           00246           MOVWF  TEMP3
009F   2???           00247           CALL   DELAY_2MS
Message[305]: Using default destination of 1 (file).
00A0   0BC4           00248           DECFSZ TEMP3
00A1   2???           00249           GOTO   $-2
00A2   0008           00250           RETURN
                      00251 
                      00252           
00A3                  00253 DELAY_2MS ; this will be 2.176ms considering insctruction ccyle except DELAY_40uS
00A3   300A           00254           MOVLW  0X0A ; 10 times, i.e 2ms divide by 40us is 50 and 50 divide by 5(five time call to 40us
                            ) is 10
00A4   00C3           00255           MOVWF  TEMP2
00A5                  00256 DELAY_2MS_1
00A5   2???           00257           CALL   DELAY_40US
00A6   2???           00258           CALL   DELAY_40US
00A7   2???           00259           CALL   DELAY_40US
00A8   2???           00260           CALL   DELAY_40US
00A9   2???           00261           CALL   DELAY_40US
Message[305]: Using default destination of 1 (file).
00AA   0BC3           00262           DECFSZ TEMP2
00AB   2???           00263           GOTO   DELAY_2MS_1
00AC   0008           00264           RETURN
                      00265 ;/////////////////////////////////////////////////////////
3C9C                  00266           END
MPASM 5.77                          MAIN.ASM   1-8-2024  10:55:12         PAGE  7


SYMBOL TABLE
  LABEL                             VALUE 

ADCON                             0000001F
ADCS0                             00000005
ADCS1                             00000006
ADCS2                             00000007
ADFVR0                            00000000
ADFVR1                            00000001
ADIE                              00000006
ADIF                              00000006
ADON                              00000000
ADRES                             0000001E
ANSA0                             00000000
ANSA1                             00000001
ANSA2                             00000002
ANSELA                            00000008
BORCON                            0000003F
BORFS                             00000006
BORRDY                            00000000
C                                 00000000
CFGS                              00000006
CHS0                              00000002
CHS1                              00000003
CHS2                              00000004
CLC1CON                           00000031
CLC1GLS0                          00000035
CLC1GLS1                          00000036
CLC1GLS2                          00000037
CLC1GLS3                          00000038
CLC1IE                            00000003
CLC1IF                            00000003
CLC1POL                           00000034
CLC1SEL0                          00000032
CLC1SEL1                          00000033
CLKRCON                           00000026
CLKROE                            00000006
CNT_NUM                           00000047
CWG1CON0                          00000039
CWG1CON1                          0000003A
CWG1CON2                          0000003B
CWG1DBF                           0000003D
CWG1DBF0                          00000000
CWG1DBF1                          00000001
CWG1DBF2                          00000002
CWG1DBF3                          00000003
CWG1DBF4                          00000004
CWG1DBF5                          00000005
CWG1DBR                           0000003C
CWG1DBR0                          00000000
CWG1DBR1                          00000001
CWG1DBR2                          00000002
CWG1DBR3                          00000003
CWG1DBR4                          00000004
CWG1DBR5                          00000005
D1N                               00000000
MPASM 5.77                          MAIN.ASM   1-8-2024  10:55:12         PAGE  8


SYMBOL TABLE
  LABEL                             VALUE 

D1S0                              00000000
D1S1                              00000001
D1S2                              00000002
D1T                               00000001
D2N                               00000002
D2S0                              00000004
D2S1                              00000005
D2S2                              00000006
D2T                               00000003
D3N                               00000004
D3S0                              00000000
D3S1                              00000001
D3S2                              00000002
D3T                               00000005
D4N                               00000006
D4S0                              00000004
D4S1                              00000005
D4S2                              00000006
D4T                               00000007
DC                                00000001
DELAY_150MS                       0000009D
DELAY_2MS                         000000A3
DELAY_2MS_1                       000000A5
DELAY_40US                        00000095
F                                 00000001
FF1                               0000005E
FREE                              00000004
FSR                               00000004
FVRCON                            0000001D
FVREN                             00000007
FVRRDY                            00000006
G1ARSEN                           00000006
G1ASDLA0                          00000004
G1ASDLA1                          00000005
G1ASDLB0                          00000006
G1ASDLB1                          00000007
G1ASDSCLC1                        00000001
G1ASDSFLT                         00000000
G1ASE                             00000007
G1CS0                             00000000
G1EN                              00000007
G1IS0                             00000000
G1IS1                             00000001
G1OEA                             00000005
G1OEB                             00000006
G1POL                             00000000
G1POLA                            00000003
G1POLB                            00000004
G2POL                             00000001
G3POL                             00000002
G4D1N                             00000000
G4D1T                             00000001
G4D2N                             00000002
MPASM 5.77                          MAIN.ASM   1-8-2024  10:55:12         PAGE  9


SYMBOL TABLE
  LABEL                             VALUE 

G4D2T                             00000003
G4D3N                             00000004
G4D3T                             00000005
G4D4N                             00000006
G4D4T                             00000007
G4POL                             00000003
GIE                               00000007
GO_NOT_DONE                       00000001
HFIOFR                            00000003
HFIOFS                            00000000
INDF                              00000000
INTCON                            0000000B
INTE                              00000004
INTEDG                            00000006
INTF                              00000001
INT_STATUS                        00000046
IOCAF                             0000001C
IOCAF0                            00000000
IOCAF1                            00000001
IOCAF2                            00000002
IOCAF3                            00000003
IOCAN                             0000001B
IOCAN0                            00000000
IOCAN1                            00000001
IOCAN2                            00000002
IOCAN3                            00000003
IOCAP                             0000001A
IOCAP0                            00000000
IOCAP1                            00000001
IOCAP2                            00000002
IOCAP3                            00000003
IOCIE                             00000003
IOCIF                             00000000
IRCF0                             00000004
IRCF1                             00000005
IRCF2                             00000006
IRP                               00000007
ISR                               00000004
KEY                               00000045
LATA                              00000007
LATA0                             00000000
LATA1                             00000001
LATA2                             00000002
LC1D1S0                           00000000
LC1D1S1                           00000001
LC1D1S2                           00000002
LC1D2S0                           00000004
LC1D2S1                           00000005
LC1D2S2                           00000006
LC1D3S0                           00000000
LC1D3S1                           00000001
LC1D3S2                           00000002
LC1D4S0                           00000004
MPASM 5.77                          MAIN.ASM   1-8-2024  10:55:12         PAGE 10


SYMBOL TABLE
  LABEL                             VALUE 

LC1D4S1                           00000005
LC1D4S2                           00000006
LC1EN                             00000007
LC1G1D1N                          00000000
LC1G1D1T                          00000001
LC1G1D2N                          00000002
LC1G1D2T                          00000003
LC1G1D3N                          00000004
LC1G1D3T                          00000005
LC1G1D4N                          00000006
LC1G1D4T                          00000007
LC1G1POL                          00000000
LC1G2D1N                          00000000
LC1G2D1T                          00000001
LC1G2D2N                          00000002
LC1G2D2T                          00000003
LC1G2D3N                          00000004
LC1G2D3T                          00000005
LC1G2D4N                          00000006
LC1G2D4T                          00000007
LC1G2POL                          00000001
LC1G3D1N                          00000000
LC1G3D1T                          00000001
LC1G3D2N                          00000002
LC1G3D2T                          00000003
LC1G3D3N                          00000004
LC1G3D3T                          00000005
LC1G3D4N                          00000006
LC1G3D4T                          00000007
LC1G3POL                          00000002
LC1G4D1N                          00000000
LC1G4D1T                          00000001
LC1G4D2N                          00000002
LC1G4D2T                          00000003
LC1G4D3N                          00000004
LC1G4D3T                          00000005
LC1G4D4N                          00000006
LC1G4D4T                          00000007
LC1G4POL                          00000003
LC1INTN                           00000003
LC1INTP                           00000004
LC1MODE0                          00000000
LC1MODE1                          00000001
LC1MODE2                          00000002
LC1OE                             00000006
LC1OUT                            00000005
LC1POL                            00000007
LCEN                              00000007
LCINTN                            00000003
LCINTP                            00000004
LCMODE0                           00000000
LCMODE1                           00000001
LCMODE2                           00000002
MPASM 5.77                          MAIN.ASM   1-8-2024  10:55:12         PAGE 11


SYMBOL TABLE
  LABEL                             VALUE 

LCOE                              00000006
LCOUT                             00000005
LFIOFR                            00000001
LWLO                              00000005
MAIN                              00000029
N1CKS0                            00000000
N1CKS1                            00000001
N1EN                              00000007
N1OE                              00000006
N1OUT                             00000005
N1PFM                             00000000
N1POL                             00000004
N1PWS0                            00000005
N1PWS1                            00000006
N1PWS2                            00000007
NCO1ACC                           00000027
NCO1ACC0                          00000000
NCO1ACC1                          00000001
NCO1ACC10                         00000002
NCO1ACC11                         00000003
NCO1ACC12                         00000004
NCO1ACC13                         00000005
NCO1ACC14                         00000006
NCO1ACC15                         00000007
NCO1ACC16                         00000000
NCO1ACC17                         00000001
NCO1ACC18                         00000002
NCO1ACC19                         00000003
NCO1ACC2                          00000002
NCO1ACC3                          00000003
NCO1ACC4                          00000004
NCO1ACC5                          00000005
NCO1ACC6                          00000006
NCO1ACC7                          00000007
NCO1ACC8                          00000000
NCO1ACC9                          00000001
NCO1ACCH                          00000028
NCO1ACCL                          00000027
NCO1ACCU                          00000029
NCO1CLK                           0000002E
NCO1CON                           0000002D
NCO1IE                            00000004
NCO1IF                            00000004
NCO1INC                           0000002A
NCO1INC0                          00000000
NCO1INC1                          00000001
NCO1INC10                         00000002
NCO1INC11                         00000003
NCO1INC12                         00000004
NCO1INC13                         00000005
NCO1INC14                         00000006
NCO1INC15                         00000007
NCO1INC2                          00000002
MPASM 5.77                          MAIN.ASM   1-8-2024  10:55:12         PAGE 12


SYMBOL TABLE
  LABEL                             VALUE 

NCO1INC3                          00000003
NCO1INC4                          00000004
NCO1INC5                          00000005
NCO1INC6                          00000006
NCO1INC7                          00000007
NCO1INC8                          00000000
NCO1INC9                          00000001
NCO1INCH                          0000002B
NCO1INCL                          0000002A
NCO1INCU                          0000002C
NEXT                              0000002D
NOT_BOR                           00000000
NOT_PD                            00000003
NOT_POR                           00000001
NOT_TO                            00000004
NOT_WPUEN                         00000007
OPTION_REG                        0000000E
OSCCON                            00000010
PCL                               00000002
PCLATH                            0000000A
PCLH0                             00000000
PCON                              0000000F
PEIE                              00000006
PIE1                              0000000D
PIR1                              0000000C
PMADR                             00000020
PMADR8                            00000000
PMADRH                            00000021
PMADRL                            00000020
PMCON1                            00000024
PMCON2                            00000025
PMDAT                             00000022
PMDATH                            00000023
PMDATL                            00000022
POL                               00000007
PORTA                             00000005
PR2                               00000012
PS0                               00000000
PS1                               00000001
PS2                               00000002
PSA                               00000003
PWM1CON                           00000016
PWM1CON0                          00000016
PWM1DCH                           00000015
PWM1DCH0                          00000000
PWM1DCH1                          00000001
PWM1DCH2                          00000002
PWM1DCH3                          00000003
PWM1DCH4                          00000004
PWM1DCH5                          00000005
PWM1DCH6                          00000006
PWM1DCH7                          00000007
PWM1DCL                           00000014
MPASM 5.77                          MAIN.ASM   1-8-2024  10:55:12         PAGE 13


SYMBOL TABLE
  LABEL                             VALUE 

PWM1DCL0                          00000006
PWM1DCL1                          00000007
PWM1EN                            00000007
PWM1OE                            00000006
PWM1OUT                           00000005
PWM1POL                           00000004
PWM2CON                           00000019
PWM2CON0                          00000019
PWM2DCH                           00000018
PWM2DCH0                          00000000
PWM2DCH1                          00000001
PWM2DCH2                          00000002
PWM2DCH3                          00000003
PWM2DCH4                          00000004
PWM2DCH5                          00000005
PWM2DCH6                          00000006
PWM2DCH7                          00000007
PWM2DCL                           00000017
PWM2DCL0                          00000006
PWM2DCL1                          00000007
PWM2EN                            00000007
PWM2OE                            00000006
PWM2OUT                           00000005
PWM2POL                           00000004
RA0                               00000000
RA1                               00000001
RA2                               00000002
RA3                               00000003
RD                                00000000
RESTART                           00000041
RE_NUM1                           00000048
RE_NUM2                           00000049
RP0                               00000005
RP1                               00000006
SBOREN                            00000007
START                             00000000
STATUS                            00000003
SWDTEN                            00000000
Strip_loop                        00000077
T0CS                              00000005
T0SE                              00000004
T2CKPS0                           00000000
T2CKPS1                           00000001
T2CON                             00000013
TEMP                              00000042
TEMP2                             00000043
TEMP3                             00000044
TMR0                              00000001
TMR0IE                            00000005
TMR0IF                            00000002
TMR0_ISR                          00000008
TMR0_ISR_RT                       0000001A
TMR2                              00000011
MPASM 5.77                          MAIN.ASM   1-8-2024  10:55:12         PAGE 14


SYMBOL TABLE
  LABEL                             VALUE 

TMR2IE                            00000001
TMR2IF                            00000001
TMR2ON                            00000002
TMRO_ISR_1                        00000026
TMRO_ISR_2                        00000023
TMRO_ISR_3                        00000020
TOUTPS0                           00000003
TOUTPS1                           00000004
TOUTPS2                           00000005
TOUTPS3                           00000006
TRISA                             00000006
TRISA0                            00000000
TRISA1                            00000001
TRISA2                            00000002
TSEN                              00000005
TSRNG                             00000004
VREGCON                           0000003E
VREGPM0                           00000000
VREGPM1                           00000001
W                                 00000000
WDTCON                            00000030
WDTPS0                            00000001
WDTPS1                            00000002
WDTPS2                            00000003
WDTPS3                            00000004
WDTPS4                            00000005
WORK_CY1                          00000049
WORK_CY2_1                        00000056
WORK_CY2_1_1                      00000058
WORK_CY2_2                        00000064
WORK_ERROR_CONDITION              00000086
WORK_ERROR_CONDITION_LOOP         00000075
WPUA                              00000009
WPUA0                             00000000
WPUA1                             00000001
WPUA2                             00000002
WPUA3                             00000003
WR                                00000001
WREN                              00000002
WRERR                             00000003
Z                                 00000002
_.org_1_00A1                      000000A1
_BOREN_NSLEEP                     00003FFD
_BOREN_OFF                        00003FF9
_BOREN_ON                         00003FFF
_BOREN_SBODEN                     00003FFB
_BORV_24                          00003FFF
_BORV_27                          00003BFF
_BORV_HI                          00003BFF
_BORV_LO                          00003FFF
_CONFIG                           00002007
_CP_OFF                           00003FFF
_CP_ON                            00003F7F
MPASM 5.77                          MAIN.ASM   1-8-2024  10:55:12         PAGE 15


SYMBOL TABLE
  LABEL                             VALUE 

_DEVID1                           00002006
_FOSC_EC                          00003FFF
_FOSC_INTOSC                      00003FFE
_IDLOC0                           00002000
_IDLOC1                           00002001
_IDLOC2                           00002002
_IDLOC3                           00002003
_LPBOR_OFF                        00003DFF
_LPBOR_ON                         00003FFF
_LVP_OFF                          00003EFF
_LVP_ON                           00003FFF
_MCLRE_OFF                        00003FBF
_MCLRE_ON                         00003FFF
_PWRTE_OFF                        00003FFF
_PWRTE_ON                         00003FDF
_WDTE_NSLEEP                      00003FF7
_WDTE_OFF                         00003FE7
_WDTE_ON                          00003FFF
_WDTE_SWDTEN                      00003FEF
_WRT_ALL                          000027FF
_WRT_BOOT                         000037FF
_WRT_HALF                         00002FFF
_WRT_OFF                          00003FFF
__10F322                          00000001
loop_counter                      00000050
loop_counter2                     00000051
status_temp                       00000041
w_temp                            00000040

Errors   :     0
Warnings :     4 reported,     0 suppressed
Messages :    10 reported,     0 suppressed

